Determining if the pthread_create exist failed with the following output:
Change Dir: /home/osboxes/cmake_test/gtest/src/gtest-build/CMakeFiles/CMakeTmp

Run Build Command:"/usr/bin/make" "cmTC_5072d/fast"
make[3]: Entering directory '/home/osboxes/cmake_test/gtest/src/gtest-build/CMakeFiles/CMakeTmp'
/usr/bin/make -f CMakeFiles/cmTC_5072d.dir/build.make CMakeFiles/cmTC_5072d.dir/build
make[4]: Entering directory '/home/osboxes/cmake_test/gtest/src/gtest-build/CMakeFiles/CMakeTmp'
Building C object CMakeFiles/cmTC_5072d.dir/CheckSymbolExists.c.o
/usr/bin/cc    -o CMakeFiles/cmTC_5072d.dir/CheckSymbolExists.c.o   -c /home/osboxes/cmake_test/gtest/src/gtest-build/CMakeFiles/CMakeTmp/CheckSymbolExists.c
Linking C executable cmTC_5072d
/usr/bin/cmake -E cmake_link_script CMakeFiles/cmTC_5072d.dir/link.txt --verbose=1
/usr/bin/cc      -rdynamic CMakeFiles/cmTC_5072d.dir/CheckSymbolExists.c.o  -o cmTC_5072d 
CMakeFiles/cmTC_5072d.dir/CheckSymbolExists.c.o: In function `main':
CheckSymbolExists.c:(.text+0x1b): undefined reference to `pthread_create'
collect2: error: ld returned 1 exit status
CMakeFiles/cmTC_5072d.dir/build.make:97: recipe for target 'cmTC_5072d' failed
make[4]: *** [cmTC_5072d] Error 1
make[4]: Leaving directory '/home/osboxes/cmake_test/gtest/src/gtest-build/CMakeFiles/CMakeTmp'
Makefile:126: recipe for target 'cmTC_5072d/fast' failed
make[3]: *** [cmTC_5072d/fast] Error 2
make[3]: Leaving directory '/home/osboxes/cmake_test/gtest/src/gtest-build/CMakeFiles/CMakeTmp'

File /home/osboxes/cmake_test/gtest/src/gtest-build/CMakeFiles/CMakeTmp/CheckSymbolExists.c:
/* */
#include <pthread.h>

int main(int argc, char** argv)
{
  (void)argv;
#ifndef pthread_create
  return ((int*)(&pthread_create))[argc];
#else
  (void)argc;
  return 0;
#endif
}

Determining if the function pthread_create exists in the pthreads failed with the following output:
Change Dir: /home/osboxes/cmake_test/gtest/src/gtest-build/CMakeFiles/CMakeTmp

Run Build Command:"/usr/bin/make" "cmTC_53e07/fast"
make[3]: Entering directory '/home/osboxes/cmake_test/gtest/src/gtest-build/CMakeFiles/CMakeTmp'
/usr/bin/make -f CMakeFiles/cmTC_53e07.dir/build.make CMakeFiles/cmTC_53e07.dir/build
make[4]: Entering directory '/home/osboxes/cmake_test/gtest/src/gtest-build/CMakeFiles/CMakeTmp'
Building C object CMakeFiles/cmTC_53e07.dir/CheckFunctionExists.c.o
/usr/bin/cc   -DCHECK_FUNCTION_EXISTS=pthread_create   -o CMakeFiles/cmTC_53e07.dir/CheckFunctionExists.c.o   -c /usr/share/cmake-3.10/Modules/CheckFunctionExists.c
Linking C executable cmTC_53e07
/usr/bin/cmake -E cmake_link_script CMakeFiles/cmTC_53e07.dir/link.txt --verbose=1
/usr/bin/cc  -DCHECK_FUNCTION_EXISTS=pthread_create    -rdynamic CMakeFiles/cmTC_53e07.dir/CheckFunctionExists.c.o  -o cmTC_53e07 -lpthreads 
/usr/bin/ld: cannot find -lpthreads
collect2: error: ld returned 1 exit status
CMakeFiles/cmTC_53e07.dir/build.make:97: recipe for target 'cmTC_53e07' failed
make[4]: *** [cmTC_53e07] Error 1
make[4]: Leaving directory '/home/osboxes/cmake_test/gtest/src/gtest-build/CMakeFiles/CMakeTmp'
Makefile:126: recipe for target 'cmTC_53e07/fast' failed
make[3]: *** [cmTC_53e07/fast] Error 2
make[3]: Leaving directory '/home/osboxes/cmake_test/gtest/src/gtest-build/CMakeFiles/CMakeTmp'


